cifar10, epa, 8, /mrtstorage/users/truetsch/neural_collapse_runs/benchmarks/cifar10/ResNet18_32x32/no_noise/300+_epochs/run_e300_2024_11_14-15_03_29/ResNet18_32x32_e100_i0.pth
cifar10, odin, [10, 0.0014], /mrtstorage/users/truetsch/neural_collapse_runs/benchmarks/cifar10/ResNet18_32x32/no_noise/300+_epochs/run_e300_2024_11_14-15_03_29/ResNet18_32x32_e200_i0.pth
cifar10, dice, 90, /mrtstorage/users/truetsch/neural_collapse_runs/benchmarks/cifar10/ResNet18_32x32/no_noise/300+_epochs/run_e300_2024_11_14-15_03_29/ResNet18_32x32_e200_i0.pth
cifar10, react, 99, /mrtstorage/users/truetsch/neural_collapse_runs/benchmarks/cifar10/ResNet18_32x32/no_noise/300+_epochs/run_e300_2024_11_14-15_03_29/ResNet18_32x32_e200_i0.pth
cifar10, knn, 20, /mrtstorage/users/truetsch/neural_collapse_runs/benchmarks/cifar10/ResNet18_32x32/no_noise/300+_epochs/run_e300_2024_11_14-15_03_29/ResNet18_32x32_e200_i0.pth
cifar10, ncscore, 0.001, /mrtstorage/users/truetsch/neural_collapse_runs/benchmarks/cifar10/ResNet18_32x32/no_noise/300+_epochs/run_e300_2024_11_14-15_03_29/ResNet18_32x32_e200_i0.pth
cifar10, nusa, 8, /mrtstorage/users/truetsch/neural_collapse_runs/benchmarks/cifar10/ResNet18_32x32/no_noise/300+_epochs/run_e300_2024_11_14-15_03_29/ResNet18_32x32_e200_i0.pth
cifar10, vim, 8, /mrtstorage/users/truetsch/neural_collapse_runs/benchmarks/cifar10/ResNet18_32x32/no_noise/300+_epochs/run_e300_2024_11_14-15_03_29/ResNet18_32x32_e200_i0.pth
cifar10, neco, 8, /mrtstorage/users/truetsch/neural_collapse_runs/benchmarks/cifar10/ResNet18_32x32/no_noise/300+_epochs/run_e300_2024_11_14-15_03_29/ResNet18_32x32_e200_i0.pth
cifar10, epa, 8, /mrtstorage/users/truetsch/neural_collapse_runs/benchmarks/cifar10/ResNet18_32x32/no_noise/300+_epochs/run_e300_2024_11_14-15_03_29/ResNet18_32x32_e200_i0.pth
cifar10, odin, [10, 0.0014], /mrtstorage/users/truetsch/neural_collapse_runs/benchmarks/cifar10/ResNet18_32x32/no_noise/300+_epochs/run_e300_2024_11_14-15_03_29/ResNet18_32x32_e300_i0.pth
cifar10, dice, 90, /mrtstorage/users/truetsch/neural_collapse_runs/benchmarks/cifar10/ResNet18_32x32/no_noise/300+_epochs/run_e300_2024_11_14-15_03_29/ResNet18_32x32_e300_i0.pth
cifar10, react, 99, /mrtstorage/users/truetsch/neural_collapse_runs/benchmarks/cifar10/ResNet18_32x32/no_noise/300+_epochs/run_e300_2024_11_14-15_03_29/ResNet18_32x32_e300_i0.pth
cifar10, nusa, 8, /mrtstorage/users/truetsch/neural_collapse_runs/benchmarks/cifar10/ResNet18_32x32/no_noise/300+_epochs/run_e300_2024_11_14-15_03_29/ResNet18_32x32_e300_i0.pth
cifar10, vim, 8, /mrtstorage/users/truetsch/neural_collapse_runs/benchmarks/cifar10/ResNet18_32x32/no_noise/300+_epochs/run_e300_2024_11_14-15_03_29/ResNet18_32x32_e300_i0.pth
cifar10, knn, 20, /mrtstorage/users/truetsch/neural_collapse_runs/benchmarks/cifar10/ResNet18_32x32/no_noise/300+_epochs/run_e300_2024_11_14-15_03_29/ResNet18_32x32_e300_i0.pth
cifar10, ncscore, 0.001, /mrtstorage/users/truetsch/neural_collapse_runs/benchmarks/cifar10/ResNet18_32x32/no_noise/300+_epochs/run_e300_2024_11_14-15_03_29/ResNet18_32x32_e300_i0.pth
cifar10, neco, 8, /mrtstorage/users/truetsch/neural_collapse_runs/benchmarks/cifar10/ResNet18_32x32/no_noise/300+_epochs/run_e300_2024_11_14-15_03_29/ResNet18_32x32_e300_i0.pth
cifar10, epa, 8, /mrtstorage/users/truetsch/neural_collapse_runs/benchmarks/cifar10/ResNet18_32x32/no_noise/300+_epochs/run_e300_2024_11_14-15_03_29/ResNet18_32x32_e300_i0.pth
cifar10, react, 99, /mrtstorage/users/truetsch/neural_collapse_runs/benchmarks/cifar10/NCVGG16/no_noise/300+_epochs/run_e300_2024_11_14-05_11_58/NCVGG16_e100_i0.pth
cifar10, odin, [100, 0.0014], /mrtstorage/users/truetsch/neural_collapse_runs/benchmarks/cifar10/NCVGG16/no_noise/300+_epochs/run_e300_2024_11_14-05_11_58/NCVGG16_e100_i0.pth
cifar10, dice, 90, /mrtstorage/users/truetsch/neural_collapse_runs/benchmarks/cifar10/NCVGG16/no_noise/300+_epochs/run_e300_2024_11_14-05_11_58/NCVGG16_e100_i0.pth
cifar10, nusa, 8, /mrtstorage/users/truetsch/neural_collapse_runs/benchmarks/cifar10/NCVGG16/no_noise/300+_epochs/run_e300_2024_11_14-05_11_58/NCVGG16_e100_i0.pth
cifar10, knn, 100, /mrtstorage/users/truetsch/neural_collapse_runs/benchmarks/cifar10/NCVGG16/no_noise/300+_epochs/run_e300_2024_11_14-05_11_58/NCVGG16_e100_i0.pth
cifar10, ncscore, 0.001, /mrtstorage/users/truetsch/neural_collapse_runs/benchmarks/cifar10/NCVGG16/no_noise/300+_epochs/run_e300_2024_11_14-05_11_58/NCVGG16_e100_i0.pth
cifar10, neco, 8, /mrtstorage/users/truetsch/neural_collapse_runs/benchmarks/cifar10/NCVGG16/no_noise/300+_epochs/run_e300_2024_11_14-05_11_58/NCVGG16_e100_i0.pth
cifar10, vim, 8, /mrtstorage/users/truetsch/neural_collapse_runs/benchmarks/cifar10/NCVGG16/no_noise/300+_epochs/run_e300_2024_11_14-05_11_58/NCVGG16_e100_i0.pth
cifar10, epa, 8, /mrtstorage/users/truetsch/neural_collapse_runs/benchmarks/cifar10/NCVGG16/no_noise/300+_epochs/run_e300_2024_11_14-05_11_58/NCVGG16_e100_i0.pth
cifar10, odin, [1000, 0.0014], /mrtstorage/users/truetsch/neural_collapse_runs/benchmarks/cifar10/NCVGG16/no_noise/300+_epochs/run_e300_2024_11_14-05_11_58/NCVGG16_e200_i0.pth
cifar10, dice, 90, /mrtstorage/users/truetsch/neural_collapse_runs/benchmarks/cifar10/NCVGG16/no_noise/300+_epochs/run_e300_2024_11_14-05_11_58/NCVGG16_e200_i0.pth
cifar10, react, 99, /mrtstorage/users/truetsch/neural_collapse_runs/benchmarks/cifar10/NCVGG16/no_noise/300+_epochs/run_e300_2024_11_14-05_11_58/NCVGG16_e200_i0.pth
cifar10, knn, 10, /mrtstorage/users/truetsch/neural_collapse_runs/benchmarks/cifar10/NCVGG16/no_noise/300+_epochs/run_e300_2024_11_14-05_11_58/NCVGG16_e200_i0.pth
cifar10, ncscore, 0.001, /mrtstorage/users/truetsch/neural_collapse_runs/benchmarks/cifar10/NCVGG16/no_noise/300+_epochs/run_e300_2024_11_14-05_11_58/NCVGG16_e200_i0.pth
cifar10, nusa, 8, /mrtstorage/users/truetsch/neural_collapse_runs/benchmarks/cifar10/NCVGG16/no_noise/300+_epochs/run_e300_2024_11_14-05_11_58/NCVGG16_e200_i0.pth
cifar10, vim, 8, /mrtstorage/users/truetsch/neural_collapse_runs/benchmarks/cifar10/NCVGG16/no_noise/300+_epochs/run_e300_2024_11_14-05_11_58/NCVGG16_e200_i0.pth
cifar10, epa, 8, /mrtstorage/users/truetsch/neural_collapse_runs/benchmarks/cifar10/NCVGG16/no_noise/300+_epochs/run_e300_2024_11_14-05_11_58/NCVGG16_e200_i0.pth
cifar10, neco, 8, /mrtstorage/users/truetsch/neural_collapse_runs/benchmarks/cifar10/NCVGG16/no_noise/300+_epochs/run_e300_2024_11_14-05_11_58/NCVGG16_e200_i0.pth
cifar10, odin, [1000, 0.0014], /mrtstorage/users/truetsch/neural_collapse_runs/benchmarks/cifar10/NCVGG16/no_noise/300+_epochs/run_e300_2024_11_14-05_11_58/NCVGG16_e300_i0.pth
cifar10, dice, 90, /mrtstorage/users/truetsch/neural_collapse_runs/benchmarks/cifar10/NCVGG16/no_noise/300+_epochs/run_e300_2024_11_14-05_11_58/NCVGG16_e300_i0.pth
cifar10, react, 99, /mrtstorage/users/truetsch/neural_collapse_runs/benchmarks/cifar10/NCVGG16/no_noise/300+_epochs/run_e300_2024_11_14-05_11_58/NCVGG16_e300_i0.pth
cifar10, nusa, 8, /mrtstorage/users/truetsch/neural_collapse_runs/benchmarks/cifar10/NCVGG16/no_noise/300+_epochs/run_e300_2024_11_14-05_11_58/NCVGG16_e300_i0.pth
cifar10, knn, 10, /mrtstorage/users/truetsch/neural_collapse_runs/benchmarks/cifar10/NCVGG16/no_noise/300+_epochs/run_e300_2024_11_14-05_11_58/NCVGG16_e300_i0.pth
cifar10, vim, 8, /mrtstorage/users/truetsch/neural_collapse_runs/benchmarks/cifar10/NCVGG16/no_noise/300+_epochs/run_e300_2024_11_14-05_11_58/NCVGG16_e300_i0.pth
cifar10, ncscore, 0.001, /mrtstorage/users/truetsch/neural_collapse_runs/benchmarks/cifar10/NCVGG16/no_noise/300+_epochs/run_e300_2024_11_14-05_11_58/NCVGG16_e300_i0.pth
cifar10, neco, 8, /mrtstorage/users/truetsch/neural_collapse_runs/benchmarks/cifar10/NCVGG16/no_noise/300+_epochs/run_e300_2024_11_14-05_11_58/NCVGG16_e300_i0.pth
cifar10, epa, 8, /mrtstorage/users/truetsch/neural_collapse_runs/benchmarks/cifar10/NCVGG16/no_noise/300+_epochs/run_e300_2024_11_14-05_11_58/NCVGG16_e300_i0.pth
cifar10, react, 95, /mrtstorage/users/truetsch/neural_collapse_runs/benchmarks/cifar10/NCVGG16/no_noise/300+_epochs/run_e300_2024_11_14-06_08_56/NCVGG16_e100_i0.pth
cifar10, odin, [10, 0.0028], /mrtstorage/users/truetsch/neural_collapse_runs/benchmarks/cifar10/NCVGG16/no_noise/300+_epochs/run_e300_2024_11_14-06_08_56/NCVGG16_e100_i0.pth
cifar10, dice, 90, /mrtstorage/users/truetsch/neural_collapse_runs/benchmarks/cifar10/NCVGG16/no_noise/300+_epochs/run_e300_2024_11_14-06_08_56/NCVGG16_e100_i0.pth
cifar10, nusa, 8, /mrtstorage/users/truetsch/neural_collapse_runs/benchmarks/cifar10/NCVGG16/no_noise/300+_epochs/run_e300_2024_11_14-06_08_56/NCVGG16_e100_i0.pth
cifar10, knn, 10, /mrtstorage/users/truetsch/neural_collapse_runs/benchmarks/cifar10/NCVGG16/no_noise/300+_epochs/run_e300_2024_11_14-06_08_56/NCVGG16_e100_i0.pth
cifar10, ncscore, 0.001, /mrtstorage/users/truetsch/neural_collapse_runs/benchmarks/cifar10/NCVGG16/no_noise/300+_epochs/run_e300_2024_11_14-06_08_56/NCVGG16_e100_i0.pth
cifar10, neco, 8, /mrtstorage/users/truetsch/neural_collapse_runs/benchmarks/cifar10/NCVGG16/no_noise/300+_epochs/run_e300_2024_11_14-06_08_56/NCVGG16_e100_i0.pth
cifar10, vim, 8, /mrtstorage/users/truetsch/neural_collapse_runs/benchmarks/cifar10/NCVGG16/no_noise/300+_epochs/run_e300_2024_11_14-06_08_56/NCVGG16_e100_i0.pth
cifar10, epa, 8, /mrtstorage/users/truetsch/neural_collapse_runs/benchmarks/cifar10/NCVGG16/no_noise/300+_epochs/run_e300_2024_11_14-06_08_56/NCVGG16_e100_i0.pth
cifar10, odin, [10, 0.0028], /mrtstorage/users/truetsch/neural_collapse_runs/benchmarks/cifar10/NCVGG16/no_noise/300+_epochs/run_e300_2024_11_14-06_08_56/NCVGG16_e200_i0.pth
cifar10, react, 99, /mrtstorage/users/truetsch/neural_collapse_runs/benchmarks/cifar10/NCVGG16/no_noise/300+_epochs/run_e300_2024_11_14-06_08_56/NCVGG16_e200_i0.pth
cifar10, dice, 90, /mrtstorage/users/truetsch/neural_collapse_runs/benchmarks/cifar10/NCVGG16/no_noise/300+_epochs/run_e300_2024_11_14-06_08_56/NCVGG16_e200_i0.pth
cifar10, knn, 50, /mrtstorage/users/truetsch/neural_collapse_runs/benchmarks/cifar10/NCVGG16/no_noise/300+_epochs/run_e300_2024_11_14-06_08_56/NCVGG16_e200_i0.pth
cifar10, nusa, 8, /mrtstorage/users/truetsch/neural_collapse_runs/benchmarks/cifar10/NCVGG16/no_noise/300+_epochs/run_e300_2024_11_14-06_08_56/NCVGG16_e200_i0.pth
cifar10, ncscore, 0.001, /mrtstorage/users/truetsch/neural_collapse_runs/benchmarks/cifar10/NCVGG16/no_noise/300+_epochs/run_e300_2024_11_14-06_08_56/NCVGG16_e200_i0.pth
cifar10, vim, 8, /mrtstorage/users/truetsch/neural_collapse_runs/benchmarks/cifar10/NCVGG16/no_noise/300+_epochs/run_e300_2024_11_14-06_08_56/NCVGG16_e200_i0.pth
cifar10, epa, 8, /mrtstorage/users/truetsch/neural_collapse_runs/benchmarks/cifar10/NCVGG16/no_noise/300+_epochs/run_e300_2024_11_14-06_08_56/NCVGG16_e200_i0.pth
cifar10, neco, 8, /mrtstorage/users/truetsch/neural_collapse_runs/benchmarks/cifar10/NCVGG16/no_noise/300+_epochs/run_e300_2024_11_14-06_08_56/NCVGG16_e200_i0.pth
cifar10, odin, [10, 0.0028], /mrtstorage/users/truetsch/neural_collapse_runs/benchmarks/cifar10/NCVGG16/no_noise/300+_epochs/run_e300_2024_11_14-06_08_56/NCVGG16_e300_i0.pth
cifar10, dice, 90, /mrtstorage/users/truetsch/neural_collapse_runs/benchmarks/cifar10/NCVGG16/no_noise/300+_epochs/run_e300_2024_11_14-06_08_56/NCVGG16_e300_i0.pth
cifar10, react, 99, /mrtstorage/users/truetsch/neural_collapse_runs/benchmarks/cifar10/NCVGG16/no_noise/300+_epochs/run_e300_2024_11_14-06_08_56/NCVGG16_e300_i0.pth
cifar10, nusa, 8, /mrtstorage/users/truetsch/neural_collapse_runs/benchmarks/cifar10/NCVGG16/no_noise/300+_epochs/run_e300_2024_11_14-06_08_56/NCVGG16_e300_i0.pth
cifar10, vim, 8, /mrtstorage/users/truetsch/neural_collapse_runs/benchmarks/cifar10/NCVGG16/no_noise/300+_epochs/run_e300_2024_11_14-06_08_56/NCVGG16_e300_i0.pth
cifar10, knn, 100, /mrtstorage/users/truetsch/neural_collapse_runs/benchmarks/cifar10/NCVGG16/no_noise/300+_epochs/run_e300_2024_11_14-06_08_56/NCVGG16_e300_i0.pth
cifar10, ncscore, 0.001, /mrtstorage/users/truetsch/neural_collapse_runs/benchmarks/cifar10/NCVGG16/no_noise/300+_epochs/run_e300_2024_11_14-06_08_56/NCVGG16_e300_i0.pth
cifar10, epa, 8, /mrtstorage/users/truetsch/neural_collapse_runs/benchmarks/cifar10/NCVGG16/no_noise/300+_epochs/run_e300_2024_11_14-06_08_56/NCVGG16_e300_i0.pth
cifar10, neco, 8, /mrtstorage/users/truetsch/neural_collapse_runs/benchmarks/cifar10/NCVGG16/no_noise/300+_epochs/run_e300_2024_11_14-06_08_56/NCVGG16_e300_i0.pth
cifar10, react, 90, /mrtstorage/users/truetsch/neural_collapse_runs/benchmarks/cifar10/NCVGG16/no_noise/300+_epochs/run_e300_2024_11_14-06_10_14/NCVGG16_e100_i0.pth
cifar10, odin, [10, 0.0028], /mrtstorage/users/truetsch/neural_collapse_runs/benchmarks/cifar10/NCVGG16/no_noise/300+_epochs/run_e300_2024_11_14-06_10_14/NCVGG16_e100_i0.pth
cifar10, dice, 90, /mrtstorage/users/truetsch/neural_collapse_runs/benchmarks/cifar10/NCVGG16/no_noise/300+_epochs/run_e300_2024_11_14-06_10_14/NCVGG16_e100_i0.pth
cifar10, nusa, 8, /mrtstorage/users/truetsch/neural_collapse_runs/benchmarks/cifar10/NCVGG16/no_noise/300+_epochs/run_e300_2024_11_14-06_10_14/NCVGG16_e100_i0.pth
cifar10, knn, 20, /mrtstorage/users/truetsch/neural_collapse_runs/benchmarks/cifar10/NCVGG16/no_noise/300+_epochs/run_e300_2024_11_14-06_10_14/NCVGG16_e100_i0.pth
cifar10, ncscore, 0.001, /mrtstorage/users/truetsch/neural_collapse_runs/benchmarks/cifar10/NCVGG16/no_noise/300+_epochs/run_e300_2024_11_14-06_10_14/NCVGG16_e100_i0.pth
cifar10, neco, 8, /mrtstorage/users/truetsch/neural_collapse_runs/benchmarks/cifar10/NCVGG16/no_noise/300+_epochs/run_e300_2024_11_14-06_10_14/NCVGG16_e100_i0.pth
cifar10, vim, 8, /mrtstorage/users/truetsch/neural_collapse_runs/benchmarks/cifar10/NCVGG16/no_noise/300+_epochs/run_e300_2024_11_14-06_10_14/NCVGG16_e100_i0.pth
cifar10, epa, 8, /mrtstorage/users/truetsch/neural_collapse_runs/benchmarks/cifar10/NCVGG16/no_noise/300+_epochs/run_e300_2024_11_14-06_10_14/NCVGG16_e100_i0.pth
cifar10, odin, [10, 0.0028], /mrtstorage/users/truetsch/neural_collapse_runs/benchmarks/cifar10/NCVGG16/no_noise/300+_epochs/run_e300_2024_11_14-06_10_14/NCVGG16_e200_i0.pth
cifar10, dice, 90, /mrtstorage/users/truetsch/neural_collapse_runs/benchmarks/cifar10/NCVGG16/no_noise/300+_epochs/run_e300_2024_11_14-06_10_14/NCVGG16_e200_i0.pth
cifar10, react, 95, /mrtstorage/users/truetsch/neural_collapse_runs/benchmarks/cifar10/NCVGG16/no_noise/300+_epochs/run_e300_2024_11_14-06_10_14/NCVGG16_e200_i0.pth
cifar10, knn, 100, /mrtstorage/users/truetsch/neural_collapse_runs/benchmarks/cifar10/NCVGG16/no_noise/300+_epochs/run_e300_2024_11_14-06_10_14/NCVGG16_e200_i0.pth
cifar10, nusa, 8, /mrtstorage/users/truetsch/neural_collapse_runs/benchmarks/cifar10/NCVGG16/no_noise/300+_epochs/run_e300_2024_11_14-06_10_14/NCVGG16_e200_i0.pth
cifar10, ncscore, 0.001, /mrtstorage/users/truetsch/neural_collapse_runs/benchmarks/cifar10/NCVGG16/no_noise/300+_epochs/run_e300_2024_11_14-06_10_14/NCVGG16_e200_i0.pth
cifar10, vim, 8, /mrtstorage/users/truetsch/neural_collapse_runs/benchmarks/cifar10/NCVGG16/no_noise/300+_epochs/run_e300_2024_11_14-06_10_14/NCVGG16_e200_i0.pth
cifar10, epa, 8, /mrtstorage/users/truetsch/neural_collapse_runs/benchmarks/cifar10/NCVGG16/no_noise/300+_epochs/run_e300_2024_11_14-06_10_14/NCVGG16_e200_i0.pth
cifar10, neco, 8, /mrtstorage/users/truetsch/neural_collapse_runs/benchmarks/cifar10/NCVGG16/no_noise/300+_epochs/run_e300_2024_11_14-06_10_14/NCVGG16_e200_i0.pth
cifar10, odin, [10, 0.0028], /mrtstorage/users/truetsch/neural_collapse_runs/benchmarks/cifar10/NCVGG16/no_noise/300+_epochs/run_e300_2024_11_14-06_10_14/NCVGG16_e300_i0.pth
cifar10, dice, 90, /mrtstorage/users/truetsch/neural_collapse_runs/benchmarks/cifar10/NCVGG16/no_noise/300+_epochs/run_e300_2024_11_14-06_10_14/NCVGG16_e300_i0.pth
cifar10, react, 95, /mrtstorage/users/truetsch/neural_collapse_runs/benchmarks/cifar10/NCVGG16/no_noise/300+_epochs/run_e300_2024_11_14-06_10_14/NCVGG16_e300_i0.pth
cifar10, nusa, 8, /mrtstorage/users/truetsch/neural_collapse_runs/benchmarks/cifar10/NCVGG16/no_noise/300+_epochs/run_e300_2024_11_14-06_10_14/NCVGG16_e300_i0.pth
cifar10, vim, 8, /mrtstorage/users/truetsch/neural_collapse_runs/benchmarks/cifar10/NCVGG16/no_noise/300+_epochs/run_e300_2024_11_14-06_10_14/NCVGG16_e300_i0.pth
cifar10, knn, 100, /mrtstorage/users/truetsch/neural_collapse_runs/benchmarks/cifar10/NCVGG16/no_noise/300+_epochs/run_e300_2024_11_14-06_10_14/NCVGG16_e300_i0.pth
cifar10, ncscore, 0.001, /mrtstorage/users/truetsch/neural_collapse_runs/benchmarks/cifar10/NCVGG16/no_noise/300+_epochs/run_e300_2024_11_14-06_10_14/NCVGG16_e300_i0.pth
cifar10, neco, 8, /mrtstorage/users/truetsch/neural_collapse_runs/benchmarks/cifar10/NCVGG16/no_noise/300+_epochs/run_e300_2024_11_14-06_10_14/NCVGG16_e300_i0.pth
cifar10, epa, 8, /mrtstorage/users/truetsch/neural_collapse_runs/benchmarks/cifar10/NCVGG16/no_noise/300+_epochs/run_e300_2024_11_14-06_10_14/NCVGG16_e300_i0.pth
cifar10, react, 90, /mrtstorage/users/truetsch/neural_collapse_runs/benchmarks/cifar10/NCVGG16/no_noise/300+_epochs/run_e300_2024_11_14-06_11_25/NCVGG16_e100_i0.pth
cifar10, odin, [10, 0.0028], /mrtstorage/users/truetsch/neural_collapse_runs/benchmarks/cifar10/NCVGG16/no_noise/300+_epochs/run_e300_2024_11_14-06_11_25/NCVGG16_e100_i0.pth
cifar10, dice, 90, /mrtstorage/users/truetsch/neural_collapse_runs/benchmarks/cifar10/NCVGG16/no_noise/300+_epochs/run_e300_2024_11_14-06_11_25/NCVGG16_e100_i0.pth
cifar10, nusa, 8, /mrtstorage/users/truetsch/neural_collapse_runs/benchmarks/cifar10/NCVGG16/no_noise/300+_epochs/run_e300_2024_11_14-06_11_25/NCVGG16_e100_i0.pth
cifar10, knn, 10, /mrtstorage/users/truetsch/neural_collapse_runs/benchmarks/cifar10/NCVGG16/no_noise/300+_epochs/run_e300_2024_11_14-06_11_25/NCVGG16_e100_i0.pth
cifar10, ncscore, 0.001, /mrtstorage/users/truetsch/neural_collapse_runs/benchmarks/cifar10/NCVGG16/no_noise/300+_epochs/run_e300_2024_11_14-06_11_25/NCVGG16_e100_i0.pth
cifar10, neco, 8, /mrtstorage/users/truetsch/neural_collapse_runs/benchmarks/cifar10/NCVGG16/no_noise/300+_epochs/run_e300_2024_11_14-06_11_25/NCVGG16_e100_i0.pth
cifar10, vim, 8, /mrtstorage/users/truetsch/neural_collapse_runs/benchmarks/cifar10/NCVGG16/no_noise/300+_epochs/run_e300_2024_11_14-06_11_25/NCVGG16_e100_i0.pth
cifar10, epa, 8, /mrtstorage/users/truetsch/neural_collapse_runs/benchmarks/cifar10/NCVGG16/no_noise/300+_epochs/run_e300_2024_11_14-06_11_25/NCVGG16_e100_i0.pth
cifar10, odin, [10, 0.0028], /mrtstorage/users/truetsch/neural_collapse_runs/benchmarks/cifar10/NCVGG16/no_noise/300+_epochs/run_e300_2024_11_14-06_11_25/NCVGG16_e200_i0.pth
cifar10, dice, 90, /mrtstorage/users/truetsch/neural_collapse_runs/benchmarks/cifar10/NCVGG16/no_noise/300+_epochs/run_e300_2024_11_14-06_11_25/NCVGG16_e200_i0.pth
cifar10, react, 90, /mrtstorage/users/truetsch/neural_collapse_runs/benchmarks/cifar10/NCVGG16/no_noise/300+_epochs/run_e300_2024_11_14-06_11_25/NCVGG16_e200_i0.pth
cifar10, knn, 100, /mrtstorage/users/truetsch/neural_collapse_runs/benchmarks/cifar10/NCVGG16/no_noise/300+_epochs/run_e300_2024_11_14-06_11_25/NCVGG16_e200_i0.pth
cifar10, nusa, 8, /mrtstorage/users/truetsch/neural_collapse_runs/benchmarks/cifar10/NCVGG16/no_noise/300+_epochs/run_e300_2024_11_14-06_11_25/NCVGG16_e200_i0.pth
cifar10, ncscore, 0.001, /mrtstorage/users/truetsch/neural_collapse_runs/benchmarks/cifar10/NCVGG16/no_noise/300+_epochs/run_e300_2024_11_14-06_11_25/NCVGG16_e200_i0.pth
cifar10, vim, 8, /mrtstorage/users/truetsch/neural_collapse_runs/benchmarks/cifar10/NCVGG16/no_noise/300+_epochs/run_e300_2024_11_14-06_11_25/NCVGG16_e200_i0.pth
cifar10, epa, 8, /mrtstorage/users/truetsch/neural_collapse_runs/benchmarks/cifar10/NCVGG16/no_noise/300+_epochs/run_e300_2024_11_14-06_11_25/NCVGG16_e200_i0.pth
cifar10, neco, 8, /mrtstorage/users/truetsch/neural_collapse_runs/benchmarks/cifar10/NCVGG16/no_noise/300+_epochs/run_e300_2024_11_14-06_11_25/NCVGG16_e200_i0.pth
cifar10, odin, [10, 0.0028], /mrtstorage/users/truetsch/neural_collapse_runs/benchmarks/cifar10/NCVGG16/no_noise/300+_epochs/run_e300_2024_11_14-06_11_25/NCVGG16_e300_i0.pth
cifar10, dice, 90, /mrtstorage/users/truetsch/neural_collapse_runs/benchmarks/cifar10/NCVGG16/no_noise/300+_epochs/run_e300_2024_11_14-06_11_25/NCVGG16_e300_i0.pth
cifar10, react, 90, /mrtstorage/users/truetsch/neural_collapse_runs/benchmarks/cifar10/NCVGG16/no_noise/300+_epochs/run_e300_2024_11_14-06_11_25/NCVGG16_e300_i0.pth
cifar10, nusa, 8, /mrtstorage/users/truetsch/neural_collapse_runs/benchmarks/cifar10/NCVGG16/no_noise/300+_epochs/run_e300_2024_11_14-06_11_25/NCVGG16_e300_i0.pth
cifar10, vim, 8, /mrtstorage/users/truetsch/neural_collapse_runs/benchmarks/cifar10/NCVGG16/no_noise/300+_epochs/run_e300_2024_11_14-06_11_25/NCVGG16_e300_i0.pth
cifar10, knn, 20, /mrtstorage/users/truetsch/neural_collapse_runs/benchmarks/cifar10/NCVGG16/no_noise/300+_epochs/run_e300_2024_11_14-06_11_25/NCVGG16_e300_i0.pth
cifar10, ncscore, 0.001, /mrtstorage/users/truetsch/neural_collapse_runs/benchmarks/cifar10/NCVGG16/no_noise/300+_epochs/run_e300_2024_11_14-06_11_25/NCVGG16_e300_i0.pth
cifar10, epa, 8, /mrtstorage/users/truetsch/neural_collapse_runs/benchmarks/cifar10/NCVGG16/no_noise/300+_epochs/run_e300_2024_11_14-06_11_25/NCVGG16_e300_i0.pth
cifar10, neco, 8, /mrtstorage/users/truetsch/neural_collapse_runs/benchmarks/cifar10/NCVGG16/no_noise/300+_epochs/run_e300_2024_11_14-06_11_25/NCVGG16_e300_i0.pth
